2021-05-20 01:48:35 : Import started
2021-05-20 01:48:35 : Created iblock 'landing' with id 16
2021-05-20 01:48:36 : Property 'LOGO' added.
2021-05-20 01:48:36 : Property 'PHONE' added.
2021-05-20 01:48:36 : Property 'COLOR_SCHEME' added.
2021-05-20 01:48:36 : Property 'BACKGROUND_BACK' added.
2021-05-20 01:48:36 : Property 'BACKGROUND_FRONT' added.
2021-05-20 01:48:36 : Property 'TOP_TEXT' added.
2021-05-20 01:48:36 : Property 'BTN_TEXT' added.
2021-05-20 01:48:36 : Property 'PRODUCT_ID' added.
2021-05-20 01:48:36 : Property 'ADVANTAGE_TITLE' added.
2021-05-20 01:48:36 : Property 'ADVANTAGE_TITLE_1' added.
2021-05-20 01:48:36 : Property 'ADVANTAGE_IMG_1' added.
2021-05-20 01:48:36 : Property 'ADVANTAGE_TEXT_1' added.
2021-05-20 01:48:36 : Property 'ADVANTAGE_TITLE_2' added.
2021-05-20 01:48:36 : Property 'ADVANTAGE_IMG_2' added.
2021-05-20 01:48:36 : Property 'ADVANTAGE_TEXT_2' added.
2021-05-20 01:48:36 : Property 'ADVANTAGE_TITLE_3' added.
2021-05-20 01:48:36 : Property 'ADVANTAGE_IMG_3' added.
2021-05-20 01:48:36 : Property 'ADVANTAGE_TEXT_3' added.
2021-05-20 01:48:36 : Property 'ADVANTAGE_TITLE_4' added.
2021-05-20 01:48:36 : Property 'ADVANTAGE_IMG_4' added.
2021-05-20 01:48:36 : Property 'ADVANTAGE_TEXT_4' added.
2021-05-20 01:48:36 : Property 'ADVANTAGE_TITLE_5' added.
2021-05-20 01:48:36 : Property 'ADVANTAGE_IMG_5' added.
2021-05-20 01:48:36 : Property 'ADVANTAGE_TEXT_5' added.
2021-05-20 01:48:36 : Property 'ADVANTAGE_TITLE_6' added.
2021-05-20 01:48:36 : Property 'ADVANTAGE_IMG_6' added.
2021-05-20 01:48:36 : Property 'ADVANTAGE_TEXT_6' added.
2021-05-20 01:48:36 : Property 'ADVANTAGE_TITLE_7' added.
2021-05-20 01:48:36 : Property 'ADVANTAGE_IMG_7' added.
2021-05-20 01:48:36 : Property 'ADVANTAGE_TEXT_7' added.
2021-05-20 01:48:36 : Property 'ADVANTAGE_TITLE_8' added.
2021-05-20 01:48:36 : Property 'ADVANTAGE_IMG_8' added.
2021-05-20 01:48:36 : Property 'ADVANTAGE_TEXT_8' added.
2021-05-20 01:48:36 : Property 'SPECS_TITLE' added.
2021-05-20 01:48:36 : Property 'SPECS_IMG' added.
2021-05-20 01:48:36 : Property 'SPECS_TEXT' added.
2021-05-20 01:48:36 : Property 'GALLERY' added.
2021-05-20 01:48:36 : Property 'DELIVERY_TITLE' added.
2021-05-20 01:48:36 : Property 'DELIVERY_TEXT' added.
2021-05-20 01:48:36 : Property 'PAYMENT_TITLE' added.
2021-05-20 01:48:36 : Property 'PAYMENT_TEXT' added.
2021-05-20 01:48:36 : Property 'FORM_TITLE' added.
2021-05-20 01:48:36 : Property 'FORM_BACKGROUND_COLOR' added.
2021-05-20 01:48:36 : Property 'FORM_COLOR_SCHEME' added.
2021-05-20 01:48:36 : Property 'COLOR_THEME' added.
2021-05-20 01:48:36 : Element settings added.
2021-05-20 01:48:36 : Section settings added.
2021-05-20 01:48:36 : List settings added.
2021-05-20 01:48:36 : Import finished
